This is pdfTeX, Version 3.141592653-2.6-1.40.22 (TeX Live 2021/W32TeX) (preloaded format=pdflatex 2021.4.29)  30 AUG 2021 15:42
entering extended mode
 restricted \write18 enabled.
 %&-line parsing enabled.
**Austin_N_Fife_Letter_of_Qualification.tex
(./Austin_N_Fife_Letter_of_Qualification.tex
LaTeX2e <2020-10-01> patch level 4
L3 programming layer <2021-02-18>
(c:/texlive/2021/texmf-dist/tex/latex/base/letter.cls
Document Class: letter 2020/03/11 v1.3b Standard LaTeX document class
(c:/texlive/2021/texmf-dist/tex/latex/base/size11.clo
File: size11.clo 2020/04/10 v1.4m Standard LaTeX file (size option)
)
\longindentation=\dimen138
\indentedwidth=\dimen139
\labelcount=\count179
)
(c:/texlive/2021/texmf-dist/tex/latex/psnfss/helvet.sty
Package: helvet 2020/03/25 PSNFSS-v9.3 (WaS) 

(c:/texlive/2021/texmf-dist/tex/latex/graphics/keyval.sty
Package: keyval 2014/10/28 v1.15 key=value parser (DPC)
\KV@toks@=\toks15
))
(c:/texlive/2021/texmf-dist/tex/latex/l3backend/l3backend-pdftex.def
File: l3backend-pdftex.def 2021-03-18 L3 backend support: PDF output (pdfTeX)
\l__color_backend_stack_int=\count180
\l__pdf_internal_box=\box47
)
(./Austin_N_Fife_Letter_of_Qualification.aux)
\openout1 = `Austin_N_Fife_Letter_of_Qualification.aux'.

LaTeX Font Info:    Checking defaults for OML/cmm/m/it on input line 35.
LaTeX Font Info:    ... okay on input line 35.
LaTeX Font Info:    Checking defaults for OMS/cmsy/m/n on input line 35.
LaTeX Font Info:    ... okay on input line 35.
LaTeX Font Info:    Checking defaults for OT1/cmr/m/n on input line 35.
LaTeX Font Info:    ... okay on input line 35.
LaTeX Font Info:    Checking defaults for T1/cmr/m/n on input line 35.
LaTeX Font Info:    ... okay on input line 35.
LaTeX Font Info:    Checking defaults for TS1/cmr/m/n on input line 35.
LaTeX Font Info:    ... okay on input line 35.
LaTeX Font Info:    Checking defaults for OMX/cmex/m/n on input line 35.
LaTeX Font Info:    ... okay on input line 35.
LaTeX Font Info:    Checking defaults for U/cmr/m/n on input line 35.
LaTeX Font Info:    ... okay on input line 35.


! Package inputenc Error: Unicode character ● (U+25CF)
(inputenc)                not set up for use with LaTeX.

See the inputenc package documentation for explanation.
Type  H <return>  for immediate help.
 ...                                              
                                                  
l.41 ●
         Experience in working with tabular data.
You may provide a definition with
\DeclareUnicodeCharacter 


! Package inputenc Error: Unicode character ● (U+25CF)
(inputenc)                not set up for use with LaTeX.

See the inputenc package documentation for explanation.
Type  H <return>  for immediate help.
 ...                                              
                                                  
l.42 ●
         Experience with spreadsheet software.
You may provide a definition with
\DeclareUnicodeCharacter 


! Package inputenc Error: Unicode character ● (U+25CF)
(inputenc)                not set up for use with LaTeX.

See the inputenc package documentation for explanation.
Type  H <return>  for immediate help.
 ...                                              
                                                  
l.43 ●
         Experience with written communications such as reports, manuscripts...

You may provide a definition with
\DeclareUnicodeCharacter 


! Package inputenc Error: Unicode character ● (U+25CF)
(inputenc)                not set up for use with LaTeX.

See the inputenc package documentation for explanation.
Type  H <return>  for immediate help.
 ...                                              
                                                  
l.44 ●
         Experience using git for version control.
You may provide a definition with
\DeclareUnicodeCharacter 


! Package inputenc Error: Unicode character ● (U+25CF)
(inputenc)                not set up for use with LaTeX.

See the inputenc package documentation for explanation.
Type  H <return>  for immediate help.
 ...                                              
                                                  
l.45 ●
         Experience in bulk import of files, merging data sets, automated er...

You may provide a definition with
\DeclareUnicodeCharacter 


! Package inputenc Error: Unicode character ● (U+25CF)
(inputenc)                not set up for use with LaTeX.

See the inputenc package documentation for explanation.
Type  H <return>  for immediate help.
 ...                                              
                                                  
l.46 ●
         Experience in R Programming with R base commands and the R Tidyverse.
You may provide a definition with
\DeclareUnicodeCharacter 


! Package inputenc Error: Unicode character ● (U+25CF)
(inputenc)                not set up for use with LaTeX.

See the inputenc package documentation for explanation.
Type  H <return>  for immediate help.
 ...                                              
                                                  
l.47 ●
         Experience collaborating with others.
You may provide a definition with
\DeclareUnicodeCharacter 


! Package inputenc Error: Unicode character ● (U+25CF)
(inputenc)                not set up for use with LaTeX.

See the inputenc package documentation for explanation.
Type  H <return>  for immediate help.
 ...                                              
                                                  
l.51 ●
         Experience in instructional delivery.
You may provide a definition with
\DeclareUnicodeCharacter 


! Package inputenc Error: Unicode character ● (U+25CF)
(inputenc)                not set up for use with LaTeX.

See the inputenc package documentation for explanation.
Type  H <return>  for immediate help.
 ...                                              
                                                  
l.52 ●
         Experience manipulating regular expressions.
You may provide a definition with
\DeclareUnicodeCharacter 


! Package inputenc Error: Unicode character ● (U+25CF)
(inputenc)                not set up for use with LaTeX.

See the inputenc package documentation for explanation.
Type  H <return>  for immediate help.
 ...                                              
                                                  
l.53 ●
         Experience in data validation.
You may provide a definition with
\DeclareUnicodeCharacter 


! Package inputenc Error: Unicode character ● (U+25CF)
(inputenc)                not set up for use with LaTeX.

See the inputenc package documentation for explanation.
Type  H <return>  for immediate help.
 ...                                              
                                                  
l.54 ●
         Familiarity with agricultural cropping systems.
You may provide a definition with
\DeclareUnicodeCharacter 


! Package inputenc Error: Unicode character ● (U+25CF)
(inputenc)                not set up for use with LaTeX.

See the inputenc package documentation for explanation.
Type  H <return>  for immediate help.
 ...                                              
                                                  
l.55 ●
         Previous experience working with databases.
You may provide a definition with
\DeclareUnicodeCharacter 


! Package inputenc Error: Unicode character ● (U+25CF)
(inputenc)                not set up for use with LaTeX.

See the inputenc package documentation for explanation.
Type  H <return>  for immediate help.
 ...                                              
                                                  
l.56 ●
         Knowledge and experience using regular expressions.
You may provide a definition with
\DeclareUnicodeCharacter 


! Package inputenc Error: Unicode character ● (U+25CF)
(inputenc)                not set up for use with LaTeX.

See the inputenc package documentation for explanation.
Type  H <return>  for immediate help.
 ...                                              
                                                  
l.57 ●
         Ability to work and solve problems independently.
You may provide a definition with
\DeclareUnicodeCharacter 


! Package inputenc Error: Unicode character ● (U+25CF)
(inputenc)                not set up for use with LaTeX.

See the inputenc package documentation for explanation.
Type  H <return>  for immediate help.
 ...                                              
                                                  
l.58 ●
         Effective verbal communication skills.
You may provide a definition with
\DeclareUnicodeCharacter 


! Package inputenc Error: Unicode character ● (U+25CF)
(inputenc)                not set up for use with LaTeX.

See the inputenc package documentation for explanation.
Type  H <return>  for immediate help.
 ...                                              
                                                  
l.61 ●
         Remote candidates who are unable to work on campus must have access...

You may provide a definition with
\DeclareUnicodeCharacter 

[1

{c:/texlive/2021/texmf-var/fonts/map/pdftex/updmap/pdftex.map}]
(./Austin_N_Fife_Letter_of_Qualification.aux) ) 
Here is how much of TeX's memory you used:
 360 strings out of 478994
 7048 string characters out of 5862201
 292185 words of memory out of 5000000
 17919 multiletter control sequences out of 15000+600000
 403730 words of font info for 28 fonts, out of 8000000 for 9000
 1141 hyphenation exceptions out of 8191
 53i,4n,60p,202b,114s stack positions out of 5000i,500n,10000p,200000b,80000s
<c:/texlive/2021/texmf-dist/font
s/type1/public/amsfonts/cm/cmr10.pfb>
Output written on Austin_N_Fife_Letter_of_Qualification.pdf (1 page, 20096 byte
s).
PDF statistics:
 12 PDF objects out of 1000 (max. 8388607)
 7 compressed objects within 1 object stream
 0 named destinations out of 1000 (max. 500000)
 1 words of extra memory for PDF output out of 10000 (max. 10000000)

